This file contains any messages produced by compilers while
running configure, to aid debugging if configure makes a mistake.

It was created by configure, which was
generated by GNU Autoconf 2.69.  Invocation command line was

  $ ./configure --enable-phpub

## --------- ##
## Platform. ##
## --------- ##

hostname = e5s
uname -m = x86_64
uname -r = 4.10.14-200.fc25.x86_64
uname -s = Linux
uname -v = #1 SMP Wed May 3 22:52:30 UTC 2017

/usr/bin/uname -p = x86_64
/bin/uname -X     = unknown

/bin/arch              = x86_64
/usr/bin/arch -k       = unknown
/usr/convex/getsysinfo = unknown
/usr/bin/hostinfo      = unknown
/bin/machine           = unknown
/usr/bin/oslevel       = unknown
/bin/universe          = unknown

PATH: /home/lucas/ros_catkin_ws/install_isolated/bin
PATH: /usr/lib/jvm/java-1.8.0-openjdk/bin
PATH: /usr/lib64/qt-3.3/bin
PATH: /usr/lib64/ccache
PATH: /usr/local/bin
PATH: /usr/bin
PATH: /bin
PATH: /usr/local/sbin
PATH: /usr/sbin
PATH: /home/lucas/Android/Sdk/tools
PATH: /home/lucas/Android/Sdk/platform-tools
PATH: /home/lucas/.local/bin
PATH: /home/lucas/bin
PATH: /home/lucas/.config/composer/vendor/bin
PATH: /home/lucas/Android/Sdk/tools
PATH: /home/lucas/Android/Sdk/platform-tools


## ----------- ##
## Core tests. ##
## ----------- ##

configure:2131: checking for grep that handles long lines and -e
configure:2189: result: /usr/bin/grep
configure:2194: checking for egrep
configure:2256: result: /usr/bin/grep -E
configure:2261: checking for a sed that does not truncate output
configure:2325: result: /usr/bin/sed
configure:2522: checking for C compiler version
configure:2531: gcc --version >&5
gcc (GCC) 6.3.1 20161221 (Red Hat 6.3.1-1)
Copyright (C) 2016 Free Software Foundation, Inc.
This is free software; see the source for copying conditions.  There is NO
warranty; not even for MERCHANTABILITY or FITNESS FOR A PARTICULAR PURPOSE.

configure:2542: $? = 0
configure:2531: gcc -v >&5
Using built-in specs.
COLLECT_GCC=/usr/bin/gcc
COLLECT_LTO_WRAPPER=/usr/libexec/gcc/x86_64-redhat-linux/6.3.1/lto-wrapper
Target: x86_64-redhat-linux
Configured with: ../configure --enable-bootstrap --enable-languages=c,c++,objc,obj-c++,fortran,ada,go,lto --prefix=/usr --mandir=/usr/share/man --infodir=/usr/share/info --with-bugurl=http://bugzilla.redhat.com/bugzilla --enable-shared --enable-threads=posix --enable-checking=release --enable-multilib --with-system-zlib --enable-__cxa_atexit --disable-libunwind-exceptions --enable-gnu-unique-object --enable-linker-build-id --with-linker-hash-style=gnu --enable-plugin --enable-initfini-array --disable-libgcj --with-isl --enable-libmpx --enable-gnu-indirect-function --with-tune=generic --with-arch_32=i686 --build=x86_64-redhat-linux
Thread model: posix
gcc version 6.3.1 20161221 (Red Hat 6.3.1-1) (GCC) 
configure:2542: $? = 0
configure:2531: gcc -V >&5
gcc: error: unrecognized command line option '-V'
gcc: fatal error: no input files
compilation terminated.
configure:2542: $? = 1
configure:2531: gcc -qversion >&5
gcc: error: unrecognized command line option '-qversion'; did you mean '--version'?
gcc: fatal error: no input files
compilation terminated.
configure:2542: $? = 1
configure:2562: checking whether the C compiler works
configure:2584: gcc -O2 -fvisibility=hidden -Wparentheses -flto -DZEPHIR_RELEASE=1   conftest.c  >&5
configure:2588: $? = 0
configure:2636: result: yes
configure:2639: checking for C compiler default output file name
configure:2641: result: a.out
configure:2647: checking for suffix of executables
configure:2654: gcc -o conftest -O2 -fvisibility=hidden -Wparentheses -flto -DZEPHIR_RELEASE=1   conftest.c  >&5
configure:2658: $? = 0
configure:2680: result: 
configure:2702: checking whether we are cross compiling
configure:2710: gcc -o conftest -O2 -fvisibility=hidden -Wparentheses -flto -DZEPHIR_RELEASE=1   conftest.c  >&5
configure:2714: $? = 0
configure:2721: ./conftest
configure:2725: $? = 0
configure:2740: result: no
configure:2745: checking for suffix of object files
configure:2767: gcc -c -O2 -fvisibility=hidden -Wparentheses -flto -DZEPHIR_RELEASE=1  conftest.c >&5
configure:2771: $? = 0
configure:2792: result: o
configure:2796: checking whether we are using the GNU C compiler
configure:2815: gcc -c -O2 -fvisibility=hidden -Wparentheses -flto -DZEPHIR_RELEASE=1  conftest.c >&5
configure:2815: $? = 0
configure:2824: result: yes
configure:2833: checking whether gcc accepts -g
configure:2853: gcc -c -g  conftest.c >&5
configure:2853: $? = 0
configure:2894: result: yes
configure:2911: checking for gcc option to accept ISO C89
configure:2974: gcc  -c -O2 -fvisibility=hidden -Wparentheses -flto -DZEPHIR_RELEASE=1  conftest.c >&5
configure:2974: $? = 0
configure:2987: result: none needed
configure:3013: checking how to run the C preprocessor
configure:3044: gcc -E  conftest.c
configure:3044: $? = 0
configure:3058: gcc -E  conftest.c
conftest.c:9:28: fatal error: ac_nonexistent.h: No such file or directory
 #include <ac_nonexistent.h>
                            ^
compilation terminated.
configure:3058: $? = 1
configure: failed program was:
| /* confdefs.h */
| #define PACKAGE_NAME ""
| #define PACKAGE_TARNAME ""
| #define PACKAGE_VERSION ""
| #define PACKAGE_STRING ""
| #define PACKAGE_BUGREPORT ""
| #define PACKAGE_URL ""
| /* end confdefs.h.  */
| #include <ac_nonexistent.h>
configure:3083: result: gcc -E
configure:3103: gcc -E  conftest.c
configure:3103: $? = 0
configure:3117: gcc -E  conftest.c
conftest.c:9:28: fatal error: ac_nonexistent.h: No such file or directory
 #include <ac_nonexistent.h>
                            ^
compilation terminated.
configure:3117: $? = 1
configure: failed program was:
| /* confdefs.h */
| #define PACKAGE_NAME ""
| #define PACKAGE_TARNAME ""
| #define PACKAGE_VERSION ""
| #define PACKAGE_STRING ""
| #define PACKAGE_BUGREPORT ""
| #define PACKAGE_URL ""
| /* end confdefs.h.  */
| #include <ac_nonexistent.h>
configure:3148: checking for icc
configure:3157: result: no
configure:3171: checking for suncc
configure:3180: result: no
configure:3195: checking whether gcc and cc understand -c and -o together
configure:3226: gcc -c conftest.c -o conftest2.o >&5
configure:3230: $? = 0
configure:3236: gcc -c conftest.c -o conftest2.o >&5
configure:3240: $? = 0
configure:3251: cc -c conftest.c >&5
configure:3255: $? = 0
configure:3263: cc -c conftest.c -o conftest2.o >&5
configure:3267: $? = 0
configure:3273: cc -c conftest.c -o conftest2.o >&5
configure:3277: $? = 0
configure:3295: result: yes
configure:3309: checking for system library directory
configure:3324: result: lib
configure:3331: checking if compiler supports -R
configure:3350: gcc -o conftest -O2 -fvisibility=hidden -Wparentheses -flto -DZEPHIR_RELEASE=1   conftest.c -R /usr/lib  >&5
gcc: error: unrecognized command line option '-R'; did you mean '-R'?
configure:3350: $? = 1
configure: failed program was:
| /* confdefs.h */
| #define PACKAGE_NAME ""
| #define PACKAGE_TARNAME ""
| #define PACKAGE_VERSION ""
| #define PACKAGE_STRING ""
| #define PACKAGE_BUGREPORT ""
| #define PACKAGE_URL ""
| /* end confdefs.h.  */
| 
| int
| main ()
| {
| 
|   ;
|   return 0;
| }
configure:3360: result: no
configure:3365: checking if compiler supports -Wl,-rpath,
configure:3384: gcc -o conftest -O2 -fvisibility=hidden -Wparentheses -flto -DZEPHIR_RELEASE=1   conftest.c -Wl,-rpath,/usr/lib  >&5
configure:3384: $? = 0
configure:3394: result: yes
configure:3439: checking build system type
configure:3453: result: x86_64-unknown-linux-gnu
configure:3473: checking host system type
configure:3486: result: x86_64-unknown-linux-gnu
configure:3506: checking target system type
configure:3519: result: x86_64-unknown-linux-gnu
configure:3622: checking for PHP prefix
configure:3624: result: /usr
configure:3626: checking for PHP includes
configure:3628: result: -I/usr/include/php -I/usr/include/php/main -I/usr/include/php/TSRM -I/usr/include/php/Zend -I/usr/include/php/ext -I/usr/include/php/ext/date/lib
configure:3630: checking for PHP extension directory
configure:3632: result: /usr/lib64/php/modules
configure:3634: checking for PHP installed headers prefix
configure:3636: result: /usr/include/php
configure:3639: checking if debug is enabled
configure:3665: result: no
configure:3668: checking if zts is enabled
configure:3694: result: no
configure:3765: checking for re2c
configure:3781: found /usr/bin/re2c
configure:3792: result: re2c
configure:3801: checking for re2c version
configure:3815: result: 0.14.3 (ok)
configure:3834: checking for gawk
configure:3851: found /usr/bin/gawk
configure:3862: result: gawk
configure:3905: checking whether to enable phpub
configure:3944: result: yes, shared
configure:4351: checking whether HAVE_BUNDLED_PCRE is declared
configure:4351: gcc -c -O2 -fvisibility=hidden -Wparentheses -flto -DZEPHIR_RELEASE=1  -I/usr/include/php -I/usr/include/php/main -I/usr/include/php/TSRM -I/usr/include/php/Zend -I/usr/include/php/ext -I/usr/include/php/ext/date/lib conftest.c >&5
conftest.c: In function 'main':
conftest.c:21:10: error: 'HAVE_BUNDLED_PCRE' undeclared (first use in this function)
   (void) HAVE_BUNDLED_PCRE;
          ^~~~~~~~~~~~~~~~~
conftest.c:21:10: note: each undeclared identifier is reported only once for each function it appears in
configure:4351: $? = 1
configure: failed program was:
| /* confdefs.h */
| #define PACKAGE_NAME ""
| #define PACKAGE_TARNAME ""
| #define PACKAGE_VERSION ""
| #define PACKAGE_STRING ""
| #define PACKAGE_BUGREPORT ""
| #define PACKAGE_URL ""
| #define HAVE_PHPUB 1
| #define COMPILE_DL_PHPUB 1
| /* end confdefs.h.  */
| #include "php_config.h"
| 
| 
| int
| main ()
| {
| #ifndef HAVE_BUNDLED_PCRE
| #ifdef __cplusplus
|   (void) HAVE_BUNDLED_PCRE;
| #else
|   (void) HAVE_BUNDLED_PCRE;
| #endif
| #endif
| 
|   ;
|   return 0;
| }
configure:4351: result: no
configure:4397: checking whether HAVE_JSON is declared
configure:4397: gcc -c -O2 -fvisibility=hidden -Wparentheses -flto -DZEPHIR_RELEASE=1  -I/usr/include/php -I/usr/include/php/main -I/usr/include/php/TSRM -I/usr/include/php/Zend -I/usr/include/php/ext -I/usr/include/php/ext/date/lib conftest.c >&5
configure:4397: $? = 0
configure:4397: result: yes
configure:4404: checking for ext/json/php_json.h
configure:4404: gcc -c -O2 -fvisibility=hidden -Wparentheses -flto -DZEPHIR_RELEASE=1  -I/usr/include/php -I/usr/include/php/main -I/usr/include/php/TSRM -I/usr/include/php/Zend -I/usr/include/php/ext -I/usr/include/php/ext/date/lib conftest.c >&5
configure:4404: $? = 0
configure:4404: result: yes
configure:4524: checking how to print strings
configure:4551: result: printf
configure:4572: checking for a sed that does not truncate output
configure:4636: result: /usr/bin/sed
configure:4654: checking for fgrep
configure:4716: result: /usr/bin/grep -F
configure:4751: checking for ld used by gcc
configure:4818: result: /usr/bin/ld
configure:4825: checking if the linker (/usr/bin/ld) is GNU ld
configure:4840: result: yes
configure:4852: checking for BSD- or MS-compatible name lister (nm)
configure:4906: result: /usr/bin/nm -B
configure:5036: checking the name lister (/usr/bin/nm -B) interface
configure:5043: gcc -c -O2 -fvisibility=hidden -Wparentheses -flto -DZEPHIR_RELEASE=1  conftest.c >&5
configure:5046: /usr/bin/nm -B "conftest.o"
/usr/bin/nm: conftest.o: plugin needed to handle lto object
configure:5049: output
0000000000000001 C __gnu_lto_slim
0000000000000001 C __gnu_lto_v1
configure:5056: result: BSD nm
configure:5059: checking whether ln -s works
configure:5063: result: yes
configure:5071: checking the maximum length of command line arguments
configure:5202: result: 1572864
configure:5250: checking how to convert x86_64-unknown-linux-gnu file names to x86_64-unknown-linux-gnu format
configure:5290: result: func_convert_file_noop
configure:5297: checking how to convert x86_64-unknown-linux-gnu file names to toolchain format
configure:5317: result: func_convert_file_noop
configure:5324: checking for /usr/bin/ld option to reload object files
configure:5331: result: -r
configure:5405: checking for objdump
configure:5421: found /usr/bin/objdump
configure:5432: result: objdump
configure:5464: checking how to recognize dependent libraries
configure:5664: result: pass_all
configure:5749: checking for dlltool
configure:5779: result: no
configure:5809: checking how to associate runtime and link libraries
configure:5836: result: printf %s\n
configure:5896: checking for ar
configure:5912: found /usr/bin/ar
configure:5923: result: ar
configure:5960: checking for archiver @FILE support
configure:5977: gcc -c -O2 -fvisibility=hidden -Wparentheses -flto -DZEPHIR_RELEASE=1  conftest.c >&5
configure:5977: $? = 0
configure:5980: ar cru libconftest.a @conftest.lst >&5
ar: conftest.o: plugin needed to handle lto object
configure:5983: $? = 0
configure:5988: ar cru libconftest.a @conftest.lst >&5
ar: conftest.o: No such file or directory
configure:5991: $? = 1
configure:6003: result: @
configure:6061: checking for strip
configure:6077: found /usr/bin/strip
configure:6088: result: strip
configure:6160: checking for ranlib
configure:6176: found /usr/bin/ranlib
configure:6187: result: ranlib
configure:6264: checking for gawk
configure:6291: result: gawk
configure:6331: checking command to parse /usr/bin/nm -B output from gcc object
configure:6484: gcc -c -O2 -fvisibility=hidden -Wparentheses -flto -DZEPHIR_RELEASE=1  conftest.c >&5
configure:6487: $? = 0
configure:6491: /usr/bin/nm -B conftest.o \| sed -n -e 's/^.*[ ]\([ABCDGIRSTW][ABCDGIRSTW]*\)[ ][ ]*\([_A-Za-z][_A-Za-z0-9]*\)$/\1 \2 \2/p' | sed '/ __gnu_lto/d' \> conftest.nm
/usr/bin/nm: conftest.o: plugin needed to handle lto object
configure:6494: $? = 0
cannot run sed -n -e 's/^.*[	 ]\([ABCDGIRSTW][ABCDGIRSTW]*\)[	 ][	 ]*\([_A-Za-z][_A-Za-z0-9]*\)$/\1 \2 \2/p' | sed '/ __gnu_lto/d'
configure:6484: gcc -c -O2 -fvisibility=hidden -Wparentheses -flto -DZEPHIR_RELEASE=1  conftest.c >&5
configure:6487: $? = 0
configure:6491: /usr/bin/nm -B conftest.o \| sed -n -e 's/^.*[ ]\([ABCDGIRSTW][ABCDGIRSTW]*\)[ ][ ]*_\([_A-Za-z][_A-Za-z0-9]*\)$/\1 _\2 \2/p' | sed '/ __gnu_lto/d' \> conftest.nm
/usr/bin/nm: conftest.o: plugin needed to handle lto object
configure:6494: $? = 0
cannot run sed -n -e 's/^.*[	 ]\([ABCDGIRSTW][ABCDGIRSTW]*\)[	 ][	 ]*_\([_A-Za-z][_A-Za-z0-9]*\)$/\1 _\2 \2/p' | sed '/ __gnu_lto/d'
configure:6598: result: failed
configure:6648: checking for sysroot
configure:6678: result: no
configure:6685: checking for a working dd
configure:6723: result: /usr/bin/dd
configure:6727: checking how to truncate binary pipes
configure:6742: result: /usr/bin/dd bs=4096 count=1
configure:6878: gcc -c -O2 -fvisibility=hidden -Wparentheses -flto -DZEPHIR_RELEASE=1  conftest.c >&5
configure:6881: $? = 0
configure:7071: checking for mt
configure:7101: result: no
configure:7121: checking if : is a manifest tool
configure:7127: : '-?'
configure:7135: result: no
configure:7807: checking for ANSI C header files
configure:7827: gcc -c -O2 -fvisibility=hidden -Wparentheses -flto -DZEPHIR_RELEASE=1  conftest.c >&5
configure:7827: $? = 0
configure:7900: gcc -o conftest -O2 -fvisibility=hidden -Wparentheses -flto -DZEPHIR_RELEASE=1   conftest.c  >&5
configure:7900: $? = 0
configure:7900: ./conftest
configure:7900: $? = 0
configure:7911: result: yes
configure:7924: checking for sys/types.h
configure:7924: gcc -c -O2 -fvisibility=hidden -Wparentheses -flto -DZEPHIR_RELEASE=1  conftest.c >&5
configure:7924: $? = 0
configure:7924: result: yes
configure:7924: checking for sys/stat.h
configure:7924: gcc -c -O2 -fvisibility=hidden -Wparentheses -flto -DZEPHIR_RELEASE=1  conftest.c >&5
configure:7924: $? = 0
configure:7924: result: yes
configure:7924: checking for stdlib.h
configure:7924: gcc -c -O2 -fvisibility=hidden -Wparentheses -flto -DZEPHIR_RELEASE=1  conftest.c >&5
configure:7924: $? = 0
configure:7924: result: yes
configure:7924: checking for string.h
configure:7924: gcc -c -O2 -fvisibility=hidden -Wparentheses -flto -DZEPHIR_RELEASE=1  conftest.c >&5
configure:7924: $? = 0
configure:7924: result: yes
configure:7924: checking for memory.h
configure:7924: gcc -c -O2 -fvisibility=hidden -Wparentheses -flto -DZEPHIR_RELEASE=1  conftest.c >&5
configure:7924: $? = 0
configure:7924: result: yes
configure:7924: checking for strings.h
configure:7924: gcc -c -O2 -fvisibility=hidden -Wparentheses -flto -DZEPHIR_RELEASE=1  conftest.c >&5
configure:7924: $? = 0
configure:7924: result: yes
configure:7924: checking for inttypes.h
configure:7924: gcc -c -O2 -fvisibility=hidden -Wparentheses -flto -DZEPHIR_RELEASE=1  conftest.c >&5
configure:7924: $? = 0
configure:7924: result: yes
configure:7924: checking for stdint.h
configure:7924: gcc -c -O2 -fvisibility=hidden -Wparentheses -flto -DZEPHIR_RELEASE=1  conftest.c >&5
configure:7924: $? = 0
configure:7924: result: yes
configure:7924: checking for unistd.h
configure:7924: gcc -c -O2 -fvisibility=hidden -Wparentheses -flto -DZEPHIR_RELEASE=1  conftest.c >&5
configure:7924: $? = 0
configure:7924: result: yes
configure:7938: checking for dlfcn.h
configure:7938: gcc -c -O2 -fvisibility=hidden -Wparentheses -flto -DZEPHIR_RELEASE=1  conftest.c >&5
configure:7938: $? = 0
configure:7938: result: yes
configure:8194: checking for objdir
configure:8209: result: .libs
configure:8473: checking if gcc supports -fno-rtti -fno-exceptions
configure:8491: gcc -c -O2 -fvisibility=hidden -Wparentheses -flto -DZEPHIR_RELEASE=1  -fno-rtti -fno-exceptions conftest.c >&5
cc1: warning: command line option '-fno-rtti' is valid for C++/ObjC++ but not for C
configure:8495: $? = 0
configure:8508: result: no
configure:8866: checking for gcc option to produce PIC
configure:8873: result: -fPIC -DPIC
configure:8881: checking if gcc PIC flag -fPIC -DPIC works
configure:8899: gcc -c -O2 -fvisibility=hidden -Wparentheses -flto -DZEPHIR_RELEASE=1  -fPIC -DPIC -DPIC conftest.c >&5
configure:8903: $? = 0
configure:8916: result: yes
configure:8945: checking if gcc static flag -static works
configure:8973: result: no
configure:8988: checking if gcc supports -c -o file.o
configure:9009: gcc -c -O2 -fvisibility=hidden -Wparentheses -flto -DZEPHIR_RELEASE=1  -o out/conftest2.o conftest.c >&5
configure:9013: $? = 0
configure:9035: result: yes
configure:9043: checking if gcc supports -c -o file.o
configure:9090: result: yes
configure:9123: checking whether the gcc linker (/usr/bin/ld -m elf_x86_64) supports shared libraries
configure:10382: result: yes
configure:10419: checking whether -lc should be explicitly linked in
configure:10427: gcc -c -O2 -fvisibility=hidden -Wparentheses -flto -DZEPHIR_RELEASE=1  conftest.c >&5
configure:10430: $? = 0
configure:10445: gcc -shared  -fPIC -DPIC conftest.o  -v -Wl,-soname -Wl,conftest -o conftest 2\>\&1 \| /usr/bin/grep  -lc  \>/dev/null 2\>\&1
configure:10448: $? = 0
configure:10462: result: no
configure:10622: checking dynamic linker characteristics
configure:11203: gcc -o conftest -O2 -fvisibility=hidden -Wparentheses -flto -DZEPHIR_RELEASE=1   -Wl,-rpath -Wl,/foo conftest.c  >&5
configure:11203: $? = 0
configure:11443: result: GNU/Linux ld.so
configure:11565: checking how to hardcode library paths into programs
configure:11590: result: immediate
configure:12138: checking whether stripping libraries is possible
configure:12143: result: yes
configure:12178: checking if libtool supports shared libraries
configure:12180: result: yes
configure:12183: checking whether to build shared libraries
configure:12208: result: yes
configure:12211: checking whether to build static libraries
configure:12215: result: no
configure:12491: creating ./config.status

## ---------------------- ##
## Running config.status. ##
## ---------------------- ##

This file was extended by config.status, which was
generated by GNU Autoconf 2.69.  Invocation command line was

  CONFIG_FILES    = 
  CONFIG_HEADERS  = 
  CONFIG_LINKS    = 
  CONFIG_COMMANDS = 
  $ ./config.status 

on e5s

config.status:891: creating config.h
config.status:995: executing libtool commands

## ---------------- ##
## Cache variables. ##
## ---------------- ##

ac_cv_build=x86_64-unknown-linux-gnu
ac_cv_c_compiler_gnu=yes
ac_cv_env_CC_set=set
ac_cv_env_CC_value=gcc
ac_cv_env_CFLAGS_set=set
ac_cv_env_CFLAGS_value='-O2 -fvisibility=hidden -Wparentheses -flto -DZEPHIR_RELEASE=1'
ac_cv_env_CPPFLAGS_set=
ac_cv_env_CPPFLAGS_value=
ac_cv_env_CPP_set=
ac_cv_env_CPP_value=
ac_cv_env_LDFLAGS_set=
ac_cv_env_LDFLAGS_value=
ac_cv_env_LIBS_set=
ac_cv_env_LIBS_value=
ac_cv_env_LT_SYS_LIBRARY_PATH_set=
ac_cv_env_LT_SYS_LIBRARY_PATH_value=
ac_cv_env_build_alias_set=
ac_cv_env_build_alias_value=
ac_cv_env_host_alias_set=
ac_cv_env_host_alias_value=
ac_cv_env_target_alias_set=
ac_cv_env_target_alias_value=
ac_cv_have_decl_HAVE_BUNDLED_PCRE=no
ac_cv_have_decl_HAVE_JSON=yes
ac_cv_header_dlfcn_h=yes
ac_cv_header_ext_json_php_json_h=yes
ac_cv_header_inttypes_h=yes
ac_cv_header_memory_h=yes
ac_cv_header_stdc=yes
ac_cv_header_stdint_h=yes
ac_cv_header_stdlib_h=yes
ac_cv_header_string_h=yes
ac_cv_header_strings_h=yes
ac_cv_header_sys_stat_h=yes
ac_cv_header_sys_types_h=yes
ac_cv_header_unistd_h=yes
ac_cv_host=x86_64-unknown-linux-gnu
ac_cv_objext=o
ac_cv_path_EGREP='/usr/bin/grep -E'
ac_cv_path_FGREP='/usr/bin/grep -F'
ac_cv_path_GREP=/usr/bin/grep
ac_cv_path_SED=/usr/bin/sed
ac_cv_path_lt_DD=/usr/bin/dd
ac_cv_prog_AWK=gawk
ac_cv_prog_CPP='gcc -E'
ac_cv_prog_RE2C=re2c
ac_cv_prog_ac_ct_AR=ar
ac_cv_prog_ac_ct_OBJDUMP=objdump
ac_cv_prog_ac_ct_RANLIB=ranlib
ac_cv_prog_ac_ct_STRIP=strip
ac_cv_prog_cc_c89=
ac_cv_prog_cc_g=yes
ac_cv_prog_cc_gcc_c_o=yes
ac_cv_target=x86_64-unknown-linux-gnu
lt_cv_ar_at_file=@
lt_cv_archive_cmds_need_lc=no
lt_cv_deplibs_check_method=pass_all
lt_cv_file_magic_cmd='$MAGIC_CMD'
lt_cv_file_magic_test_file=
lt_cv_ld_reload_flag=-r
lt_cv_nm_interface='BSD nm'
lt_cv_objdir=.libs
lt_cv_path_LD=/usr/bin/ld
lt_cv_path_NM='/usr/bin/nm -B'
lt_cv_path_mainfest_tool=no
lt_cv_prog_compiler_c_o=yes
lt_cv_prog_compiler_pic='-fPIC -DPIC'
lt_cv_prog_compiler_pic_works=yes
lt_cv_prog_compiler_rtti_exceptions=no
lt_cv_prog_compiler_static_works=no
lt_cv_prog_gnu_ld=yes
lt_cv_sharedlib_from_linklib_cmd='printf %s\n'
lt_cv_shlibpath_overrides_runpath=no
lt_cv_sys_global_symbol_pipe=
lt_cv_sys_global_symbol_to_c_name_address='sed -n -e '\''s/^: \(.*\) .*$/  {"\1", (void *) 0},/p'\'' -e '\''s/^[ABCDGIRSTW][ABCDGIRSTW]* .* \(.*\)$/  {"\1", (void *) \&\1},/p'\'''
lt_cv_sys_global_symbol_to_c_name_address_lib_prefix='sed -n -e '\''s/^: \(.*\) .*$/  {"\1", (void *) 0},/p'\'' -e '\''s/^[ABCDGIRSTW][ABCDGIRSTW]* .* \(lib.*\)$/  {"\1", (void *) \&\1},/p'\'' -e '\''s/^[ABCDGIRSTW][ABCDGIRSTW]* .* \(.*\)$/  {"lib\1", (void *) \&\1},/p'\'''
lt_cv_sys_global_symbol_to_cdecl=
lt_cv_sys_global_symbol_to_import=
lt_cv_sys_max_cmd_len=1572864
lt_cv_to_host_file_cmd=func_convert_file_noop
lt_cv_to_tool_file_cmd=func_convert_file_noop
lt_cv_truncate_bin='/usr/bin/dd bs=4096 count=1'
php_cv_cc_dashr=no
php_cv_cc_rpath=yes
php_cv_re2c_version='0.14.3 (ok)'

## ----------------- ##
## Output variables. ##
## ----------------- ##

AR='ar'
AWK='gawk'
CC='gcc'
CFLAGS='-O2 -fvisibility=hidden -Wparentheses -flto -DZEPHIR_RELEASE=1'
CONFIGURE_COMMAND=' '\''./configure'\''  '\''--enable-phpub'\'''
CONFIGURE_OPTIONS=' '\''--enable-phpub'\'''
CPP='gcc -E'
CPPFLAGS=' -DHAVE_CONFIG_H'
DEFS='-DHAVE_CONFIG_H'
DLLTOOL='false'
DSYMUTIL=''
DUMPBIN=''
ECHO_C=''
ECHO_N='-n'
ECHO_T=''
EGREP='/usr/bin/grep -E'
EXEEXT=''
FGREP='/usr/bin/grep -F'
GREP='/usr/bin/grep'
LD='/usr/bin/ld -m elf_x86_64'
LDFLAGS=''
LIBOBJS=''
LIBS=''
LIBTOOL='$(SHELL) $(top_builddir)/libtool'
LIPO=''
LN_S='ln -s'
LTLIBOBJS=''
LT_SYS_LIBRARY_PATH=''
MANIFEST_TOOL=':'
NM='/usr/bin/nm -B'
NMEDIT=''
OBJDUMP='objdump'
OBJEXT='o'
OTOOL64=''
OTOOL=''
PACKAGE_BUGREPORT=''
PACKAGE_NAME=''
PACKAGE_STRING=''
PACKAGE_TARNAME=''
PACKAGE_URL=''
PACKAGE_VERSION=''
PATH_SEPARATOR=':'
RANLIB='ranlib'
RE2C='re2c'
SED='/usr/bin/sed'
SHELL='/bin/sh'
SHLIB_DL_SUFFIX_NAME='so'
SHLIB_SUFFIX_NAME='so'
STRIP='strip'
ac_ct_AR='ar'
ac_ct_CC=''
ac_ct_DUMPBIN=''
bindir='${exec_prefix}/bin'
build='x86_64-unknown-linux-gnu'
build_alias=''
build_cpu='x86_64'
build_os='linux-gnu'
build_vendor='unknown'
datadir='${datarootdir}'
datarootdir='${prefix}/share'
docdir='${datarootdir}/doc/${PACKAGE}'
dvidir='${docdir}'
exec_prefix='$(prefix)'
host='x86_64-unknown-linux-gnu'
host_alias='x86_64-unknown-linux-gnu'
host_cpu='x86_64'
host_os='linux-gnu'
host_vendor='unknown'
htmldir='${docdir}'
includedir='${prefix}/include'
infodir='${datarootdir}/info'
libdir='${exec_prefix}/lib'
libexecdir='${exec_prefix}/libexec'
localedir='${datarootdir}/locale'
localstatedir='${prefix}/var'
mandir='${datarootdir}/man'
oldincludedir='/usr/include'
pdfdir='${docdir}'
prefix='/usr'
program_transform_name='s,x,x,'
psdir='${docdir}'
sbindir='${exec_prefix}/sbin'
sharedstatedir='${prefix}/com'
sysconfdir='${prefix}/etc'
target='x86_64-unknown-linux-gnu'
target_alias=''
target_cpu='x86_64'
target_os='linux-gnu'
target_vendor='unknown'

## ----------- ##
## confdefs.h. ##
## ----------- ##

/* confdefs.h */
#define PACKAGE_NAME ""
#define PACKAGE_TARNAME ""
#define PACKAGE_VERSION ""
#define PACKAGE_STRING ""
#define PACKAGE_BUGREPORT ""
#define PACKAGE_URL ""
#define HAVE_PHPUB 1
#define COMPILE_DL_PHPUB 1
#define HAVE_EXT_JSON_PHP_JSON_H 1
#define ZEPHIR_USE_PHP_JSON 1
#define STDC_HEADERS 1
#define HAVE_SYS_TYPES_H 1
#define HAVE_SYS_STAT_H 1
#define HAVE_STDLIB_H 1
#define HAVE_STRING_H 1
#define HAVE_MEMORY_H 1
#define HAVE_STRINGS_H 1
#define HAVE_INTTYPES_H 1
#define HAVE_STDINT_H 1
#define HAVE_UNISTD_H 1
#define HAVE_DLFCN_H 1
#define LT_OBJDIR ".libs/"

configure: exit 0
